{
  "stats": {
    "suites": 1,
    "tests": 1,
    "passes": 1,
    "pending": 0,
    "failures": 0,
    "start": "2024-03-24T03:24:10.031Z",
    "end": "2024-03-24T03:24:29.636Z",
    "duration": 19605,
    "testsRegistered": 1,
    "passPercent": 100,
    "pendingPercent": 0,
    "other": 0,
    "hasOther": false,
    "skipped": 0,
    "hasSkipped": false
  },
  "results": [
    {
      "uuid": "acd3d7c7-2832-430e-ab9a-a852bb396c86",
      "title": "",
      "fullFile": "cypress\\e2e\\RegisterTest.cy.js",
      "file": "cypress\\e2e\\RegisterTest.cy.js",
      "beforeHooks": [],
      "afterHooks": [],
      "tests": [],
      "suites": [
        {
          "uuid": "20f76672-3360-4129-97fd-3750e82f4810",
          "title": "automation test",
          "fullFile": "",
          "file": "",
          "beforeHooks": [],
          "afterHooks": [],
          "tests": [
            {
              "title": "registation test",
              "fullTitle": "automation test registation test",
              "timedOut": null,
              "duration": 11480,
              "state": "passed",
              "speed": "slow",
              "pass": true,
              "fail": false,
              "pending": false,
              "context": null,
              "code": "registerObj.openUrl();\nregisterObj.enterfirstName(_RegisterData.default.firstName);\nregisterObj.enterlastName(_RegisterData.default.lastName);\nregisterObj.enterPhone(_RegisterData.default.telephone);\nregisterObj.enterEmail(_RegisterData.default.email);\nregisterObj.enterPassword(_RegisterData.default.password);\nregisterObj.selectCheck();\nregisterObj.continu();",
              "err": {},
              "uuid": "0430e8a3-2fa4-48fa-9dc8-8d3429567c29",
              "parentUUID": "20f76672-3360-4129-97fd-3750e82f4810",
              "isHook": false,
              "skipped": false
            }
          ],
          "suites": [],
          "passes": [
            "0430e8a3-2fa4-48fa-9dc8-8d3429567c29"
          ],
          "failures": [],
          "pending": [],
          "skipped": [],
          "duration": 11480,
          "root": false,
          "rootEmpty": false,
          "_timeout": 2000
        }
      ],
      "passes": [],
      "failures": [],
      "pending": [],
      "skipped": [],
      "duration": 0,
      "root": true,
      "rootEmpty": true,
      "_timeout": 2000
    }
  ],
  "meta": {
    "mocha": {
      "version": "7.0.1"
    },
    "mochawesome": {
      "options": {
        "quiet": false,
        "reportFilename": "mochawesome",
        "saveHtml": false,
        "saveJson": true,
        "consoleReporter": "spec",
        "useInlineDiffs": false,
        "code": true
      },
      "version": "7.1.3"
    },
    "marge": {
      "options": {
        "overwrite": false,
        "html": false,
        "json": true,
        "reportDir": "cypress\\reports\\html\\.jsons"
      },
      "version": "6.2.0"
    }
  }
}