{
  "stats": {
    "suites": 1,
    "tests": 1,
    "passes": 1,
    "pending": 0,
    "failures": 0,
    "start": "2024-03-24T03:25:12.993Z",
    "end": "2024-03-24T03:25:30.469Z",
    "duration": 17476,
    "testsRegistered": 1,
    "passPercent": 100,
    "pendingPercent": 0,
    "other": 0,
    "hasOther": false,
    "skipped": 0,
    "hasSkipped": false
  },
  "results": [
    {
      "uuid": "c213d726-8f8b-4751-8896-7b6b2b600b5c",
      "title": "",
      "fullFile": "cypress\\e2e\\RegisterTest.cy.js",
      "file": "cypress\\e2e\\RegisterTest.cy.js",
      "beforeHooks": [],
      "afterHooks": [],
      "tests": [],
      "suites": [
        {
          "uuid": "13daa423-41e6-4ac3-8f9a-1079a9f05b44",
          "title": "automation test",
          "fullFile": "",
          "file": "",
          "beforeHooks": [],
          "afterHooks": [],
          "tests": [
            {
              "title": "registation test",
              "fullTitle": "automation test registation test",
              "timedOut": null,
              "duration": 9931,
              "state": "passed",
              "speed": "medium",
              "pass": true,
              "fail": false,
              "pending": false,
              "context": null,
              "code": "registerObj.openUrl();\nregisterObj.enterfirstName(_RegisterData.default.firstName);\nregisterObj.enterlastName(_RegisterData.default.lastName);\nregisterObj.enterPhone(_RegisterData.default.telephone);\nregisterObj.enterEmail(_RegisterData.default.email);\nregisterObj.enterPassword(_RegisterData.default.password);\nregisterObj.selectCheck();\nregisterObj.continu();",
              "err": {},
              "uuid": "4882f2a1-41c1-4f4c-9ce3-9a6fe4040cc8",
              "parentUUID": "13daa423-41e6-4ac3-8f9a-1079a9f05b44",
              "isHook": false,
              "skipped": false
            }
          ],
          "suites": [],
          "passes": [
            "4882f2a1-41c1-4f4c-9ce3-9a6fe4040cc8"
          ],
          "failures": [],
          "pending": [],
          "skipped": [],
          "duration": 9931,
          "root": false,
          "rootEmpty": false,
          "_timeout": 2000
        }
      ],
      "passes": [],
      "failures": [],
      "pending": [],
      "skipped": [],
      "duration": 0,
      "root": true,
      "rootEmpty": true,
      "_timeout": 2000
    }
  ],
  "meta": {
    "mocha": {
      "version": "7.0.1"
    },
    "mochawesome": {
      "options": {
        "quiet": false,
        "reportFilename": "mochawesome",
        "saveHtml": false,
        "saveJson": true,
        "consoleReporter": "spec",
        "useInlineDiffs": false,
        "code": true
      },
      "version": "7.1.3"
    },
    "marge": {
      "options": {
        "overwrite": false,
        "html": false,
        "json": true,
        "reportDir": "cypress\\reports\\html\\.jsons"
      },
      "version": "6.2.0"
    }
  }
}