{
  "stats": {
    "suites": 1,
    "tests": 1,
    "passes": 0,
    "pending": 0,
    "failures": 1,
    "start": "2024-03-21T16:44:11.457Z",
    "end": "2024-03-21T16:44:23.483Z",
    "duration": 12026,
    "testsRegistered": 1,
    "passPercent": 0,
    "pendingPercent": 0,
    "other": 0,
    "hasOther": false,
    "skipped": 0,
    "hasSkipped": false
  },
  "results": [
    {
      "uuid": "07a3f8d2-8bee-4b92-a3c6-942d01506fc9",
      "title": "",
      "fullFile": "cypress\\e2e\\RegisterTest.cy.js",
      "file": "cypress\\e2e\\RegisterTest.cy.js",
      "beforeHooks": [],
      "afterHooks": [],
      "tests": [],
      "suites": [
        {
          "uuid": "ae0236ef-7abf-4068-aed3-25eb872e0728",
          "title": "automation test",
          "fullFile": "",
          "file": "",
          "beforeHooks": [],
          "afterHooks": [],
          "tests": [
            {
              "title": "registation test",
              "fullTitle": "automation test registation test",
              "timedOut": null,
              "duration": 5351,
              "state": "failed",
              "speed": null,
              "pass": false,
              "fail": true,
              "pending": false,
              "context": "{\n  \"title\": \"cypress-mochawesome-reporter-screenshots\",\n  \"value\": [\n    [\n      \"\\\\RegisterTest.cy.js\\\\automation test -- registation test (failed).png\"\n    ]\n  ]\n}",
              "code": "registerObj.openUrl();\nregisterObj.enterfirstName(_RegisterData.default.firstName);\nregisterObj.enterlastName(_RegisterData.default.lastName);\nregisterObj.enterPhone(_RegisterData.default.telepho);\nregisterObj.enterEmail(_RegisterData.default.email);\nregisterObj.enterPassword(_RegisterData.default.password);\nregisterObj.selectCheck();\nregisterObj.continu();",
              "err": {
                "message": "CypressError: `cy.type()` can only accept a string or number. You passed in: `undefined`\n\nhttps://on.cypress.io/type",
                "estack": "CypressError: `cy.type()` can only accept a string or number. You passed in: `undefined`\n\nhttps://on.cypress.io/type\n    at Context.type (https://opencart.abstracta.us/__cypress/runner/cypress_runner.js:114411:68)\n    at wrapped (https://opencart.abstracta.us/__cypress/runner/cypress_runner.js:138387:19)\nFrom Your Spec Code:\n    at RegisterPage.enterPhone (webpack://cypress-e2e/./cypress/pages/RegisterPage.js:45:43)\n    at Context.eval (webpack://cypress-e2e/./cypress/e2e/RegisterTest.cy.js:11:16)",
                "diff": null
              },
              "uuid": "41b6025c-0a3f-452e-9953-3d21dc525e34",
              "parentUUID": "ae0236ef-7abf-4068-aed3-25eb872e0728",
              "isHook": false,
              "skipped": false
            }
          ],
          "suites": [],
          "passes": [],
          "failures": [
            "41b6025c-0a3f-452e-9953-3d21dc525e34"
          ],
          "pending": [],
          "skipped": [],
          "duration": 5351,
          "root": false,
          "rootEmpty": false,
          "_timeout": 2000
        }
      ],
      "passes": [],
      "failures": [],
      "pending": [],
      "skipped": [],
      "duration": 0,
      "root": true,
      "rootEmpty": true,
      "_timeout": 2000
    }
  ],
  "meta": {
    "mocha": {
      "version": "7.0.1"
    },
    "mochawesome": {
      "options": {
        "quiet": false,
        "reportFilename": "mochawesome",
        "saveHtml": false,
        "saveJson": true,
        "consoleReporter": "spec",
        "useInlineDiffs": false,
        "code": true
      },
      "version": "7.1.3"
    },
    "marge": {
      "options": {
        "overwrite": false,
        "html": false,
        "json": true,
        "reportDir": "cypress\\reports\\html\\.jsons"
      },
      "version": "6.2.0"
    }
  }
}