{
  "stats": {
    "suites": 1,
    "tests": 7,
    "passes": 7,
    "pending": 0,
    "failures": 0,
    "start": "2024-03-21T16:30:58.070Z",
    "end": "2024-03-21T16:31:11.493Z",
    "duration": 13423,
    "testsRegistered": 7,
    "passPercent": 100,
    "pendingPercent": 0,
    "other": 0,
    "hasOther": false,
    "skipped": 0,
    "hasSkipped": false
  },
  "results": [
    {
      "uuid": "c4349266-72f4-448f-a479-30ded05cff98",
      "title": "",
      "fullFile": "cypress\\e2e\\2-advanced-examples\\spies_stubs_clocks.cy.js",
      "file": "cypress\\e2e\\2-advanced-examples\\spies_stubs_clocks.cy.js",
      "beforeHooks": [],
      "afterHooks": [],
      "tests": [],
      "suites": [
        {
          "uuid": "1a6db4aa-3965-47b3-95db-2a2a089cfc42",
          "title": "Spies, Stubs, and Clock",
          "fullFile": "",
          "file": "",
          "beforeHooks": [],
          "afterHooks": [],
          "tests": [
            {
              "title": "cy.spy() - wrap a method in a spy",
              "fullTitle": "Spies, Stubs, and Clock cy.spy() - wrap a method in a spy",
              "timedOut": null,
              "duration": 2413,
              "state": "passed",
              "speed": "fast",
              "pass": true,
              "fail": false,
              "pending": false,
              "context": null,
              "code": "// https://on.cypress.io/spy\ncy.visit('https://example.cypress.io/commands/spies-stubs-clocks');\nconst obj = {\n  foo() {}\n};\nconst spy = cy.spy(obj, 'foo').as('anyArgs');\nobj.foo();\nexpect(spy).to.be.called;",
              "err": {},
              "uuid": "942068d9-5a55-4aca-bf66-e03a7e226a5b",
              "parentUUID": "1a6db4aa-3965-47b3-95db-2a2a089cfc42",
              "isHook": false,
              "skipped": false
            },
            {
              "title": "cy.spy() retries until assertions pass",
              "fullTitle": "Spies, Stubs, and Clock cy.spy() retries until assertions pass",
              "timedOut": null,
              "duration": 2586,
              "state": "passed",
              "speed": "fast",
              "pass": true,
              "fail": false,
              "pending": false,
              "context": null,
              "code": "cy.visit('https://example.cypress.io/commands/spies-stubs-clocks');\nconst obj = {\n  /**\n   * Prints the argument passed\n   * @param x {any}\n  */\n  foo(x) {\n    console.log('obj.foo called with', x);\n  }\n};\ncy.spy(obj, 'foo').as('foo');\nsetTimeout(() => {\n  obj.foo('first');\n}, 500);\nsetTimeout(() => {\n  obj.foo('second');\n}, 2500);\ncy.get('@foo').should('have.been.calledTwice');",
              "err": {},
              "uuid": "275f7e53-d66c-4b6c-95d9-0833c428e0a9",
              "parentUUID": "1a6db4aa-3965-47b3-95db-2a2a089cfc42",
              "isHook": false,
              "skipped": false
            },
            {
              "title": "cy.stub() - create a stub and/or replace a function with stub",
              "fullTitle": "Spies, Stubs, and Clock cy.stub() - create a stub and/or replace a function with stub",
              "timedOut": null,
              "duration": 436,
              "state": "passed",
              "speed": "fast",
              "pass": true,
              "fail": false,
              "pending": false,
              "context": null,
              "code": "// https://on.cypress.io/stub\ncy.visit('https://example.cypress.io/commands/spies-stubs-clocks');\nconst obj = {\n  /**\n   * prints both arguments to the console\n   * @param a {string}\n   * @param b {string}\n  */\n  foo(a, b) {\n    console.log('a', a, 'b', b);\n  }\n};\nconst stub = cy.stub(obj, 'foo').as('foo');\nobj.foo('foo', 'bar');\nexpect(stub).to.be.called;",
              "err": {},
              "uuid": "31789e0d-3868-41ed-bfc5-4bf6243a313b",
              "parentUUID": "1a6db4aa-3965-47b3-95db-2a2a089cfc42",
              "isHook": false,
              "skipped": false
            },
            {
              "title": "cy.clock() - control time in the browser",
              "fullTitle": "Spies, Stubs, and Clock cy.clock() - control time in the browser",
              "timedOut": null,
              "duration": 601,
              "state": "passed",
              "speed": "fast",
              "pass": true,
              "fail": false,
              "pending": false,
              "context": null,
              "code": "// https://on.cypress.io/clock\n// create the date in UTC so its always the same\n// no matter what local timezone the browser is running in\nconst now = new Date(Date.UTC(2017, 2, 14)).getTime();\ncy.clock(now);\ncy.visit('https://example.cypress.io/commands/spies-stubs-clocks');\ncy.get('#clock-div').click();\ncy.get('#clock-div').should('have.text', '1489449600');",
              "err": {},
              "uuid": "45302e18-f0cf-4e20-b5e6-338e7e73b7dd",
              "parentUUID": "1a6db4aa-3965-47b3-95db-2a2a089cfc42",
              "isHook": false,
              "skipped": false
            },
            {
              "title": "cy.tick() - move time in the browser",
              "fullTitle": "Spies, Stubs, and Clock cy.tick() - move time in the browser",
              "timedOut": null,
              "duration": 590,
              "state": "passed",
              "speed": "fast",
              "pass": true,
              "fail": false,
              "pending": false,
              "context": null,
              "code": "// https://on.cypress.io/tick\n// create the date in UTC so its always the same\n// no matter what local timezone the browser is running in\nconst now = new Date(Date.UTC(2017, 2, 14)).getTime();\ncy.clock(now);\ncy.visit('https://example.cypress.io/commands/spies-stubs-clocks');\ncy.get('#tick-div').click();\ncy.get('#tick-div').should('have.text', '1489449600');\ncy.tick(10000); // 10 seconds passed\ncy.get('#tick-div').click();\ncy.get('#tick-div').should('have.text', '1489449610');",
              "err": {},
              "uuid": "41f3db1d-9955-46a2-a43e-2a356600e1f2",
              "parentUUID": "1a6db4aa-3965-47b3-95db-2a2a089cfc42",
              "isHook": false,
              "skipped": false
            },
            {
              "title": "cy.stub() matches depending on arguments",
              "fullTitle": "Spies, Stubs, and Clock cy.stub() matches depending on arguments",
              "timedOut": null,
              "duration": 83,
              "state": "passed",
              "speed": "fast",
              "pass": true,
              "fail": false,
              "pending": false,
              "context": null,
              "code": "// see all possible matchers at\n// https://sinonjs.org/releases/latest/matchers/\nconst greeter = {\n  /**\n   * Greets a person\n   * @param {string} name\n  */\n  greet(name) {\n    return `Hello, ${name}!`;\n  }\n};\ncy.stub(greeter, 'greet').callThrough() // if you want non-matched calls to call the real method\n.withArgs(Cypress.sinon.match.string).returns('Hi').withArgs(Cypress.sinon.match.number).throws(new Error('Invalid name'));\nexpect(greeter.greet('World')).to.equal('Hi');\nexpect(() => greeter.greet(42)).to.throw('Invalid name');\nexpect(greeter.greet).to.have.been.calledTwice;\n// non-matched calls goes the actual method\nexpect(greeter.greet()).to.equal('Hello, undefined!');",
              "err": {},
              "uuid": "eb59522e-7443-4e75-baab-19bd7af8d37d",
              "parentUUID": "1a6db4aa-3965-47b3-95db-2a2a089cfc42",
              "isHook": false,
              "skipped": false
            },
            {
              "title": "matches call arguments using Sinon matchers",
              "fullTitle": "Spies, Stubs, and Clock matches call arguments using Sinon matchers",
              "timedOut": null,
              "duration": 98,
              "state": "passed",
              "speed": "fast",
              "pass": true,
              "fail": false,
              "pending": false,
              "context": null,
              "code": "// see all possible matchers at\n// https://sinonjs.org/releases/latest/matchers/\nconst calculator = {\n  /**\n   * returns the sum of two arguments\n   * @param a {number}\n   * @param b {number}\n  */\n  add(a, b) {\n    return a + b;\n  }\n};\nconst spy = cy.spy(calculator, 'add').as('add');\nexpect(calculator.add(2, 3)).to.equal(5);\n// if we want to assert the exact values used during the call\nexpect(spy).to.be.calledWith(2, 3);\n// let's confirm \"add\" method was called with two numbers\nexpect(spy).to.be.calledWith(Cypress.sinon.match.number, Cypress.sinon.match.number);\n// alternatively, provide the value to match\nexpect(spy).to.be.calledWith(Cypress.sinon.match(2), Cypress.sinon.match(3));\n// match any value\nexpect(spy).to.be.calledWith(Cypress.sinon.match.any, 3);\n// match any value from a list\nexpect(spy).to.be.calledWith(Cypress.sinon.match.in([1, 2, 3]), 3);\n/**\n * Returns true if the given number is even\n * @param {number} x\n */\nconst isEven = x => x % 2 === 0;\n// expect the value to pass a custom predicate function\n// the second argument to \"sinon.match(predicate, message)\" is\n// shown if the predicate does not pass and assertion fails\nexpect(spy).to.be.calledWith(Cypress.sinon.match(isEven, 'isEven'), 3);\n/**\n * Returns a function that checks if a given number is larger than the limit\n * @param {number} limit\n * @returns {(x: number) => boolean}\n */\nconst isGreaterThan = limit => x => x > limit;\n/**\n * Returns a function that checks if a given number is less than the limit\n * @param {number} limit\n * @returns {(x: number) => boolean}\n */\nconst isLessThan = limit => x => x < limit;\n// you can combine several matchers using \"and\", \"or\"\nexpect(spy).to.be.calledWith(Cypress.sinon.match.number, Cypress.sinon.match(isGreaterThan(2), '> 2').and(Cypress.sinon.match(isLessThan(4), '< 4')));\nexpect(spy).to.be.calledWith(Cypress.sinon.match.number, Cypress.sinon.match(isGreaterThan(200), '> 200').or(Cypress.sinon.match(3)));\n// matchers can be used from BDD assertions\ncy.get('@add').should('have.been.calledWith', Cypress.sinon.match.number, Cypress.sinon.match(3));\n// you can alias matchers for shorter test code\nconst {\n  match: M\n} = Cypress.sinon;\ncy.get('@add').should('have.been.calledWith', M.number, M(3));",
              "err": {},
              "uuid": "c2c0e633-1643-4785-8e79-9c0418f1a215",
              "parentUUID": "1a6db4aa-3965-47b3-95db-2a2a089cfc42",
              "isHook": false,
              "skipped": false
            }
          ],
          "suites": [],
          "passes": [
            "942068d9-5a55-4aca-bf66-e03a7e226a5b",
            "275f7e53-d66c-4b6c-95d9-0833c428e0a9",
            "31789e0d-3868-41ed-bfc5-4bf6243a313b",
            "45302e18-f0cf-4e20-b5e6-338e7e73b7dd",
            "41f3db1d-9955-46a2-a43e-2a356600e1f2",
            "eb59522e-7443-4e75-baab-19bd7af8d37d",
            "c2c0e633-1643-4785-8e79-9c0418f1a215"
          ],
          "failures": [],
          "pending": [],
          "skipped": [],
          "duration": 6807,
          "root": false,
          "rootEmpty": false,
          "_timeout": 2000
        }
      ],
      "passes": [],
      "failures": [],
      "pending": [],
      "skipped": [],
      "duration": 0,
      "root": true,
      "rootEmpty": true,
      "_timeout": 2000
    }
  ],
  "meta": {
    "mocha": {
      "version": "7.0.1"
    },
    "mochawesome": {
      "options": {
        "quiet": false,
        "reportFilename": "mochawesome",
        "saveHtml": false,
        "saveJson": true,
        "consoleReporter": "spec",
        "useInlineDiffs": false,
        "code": true
      },
      "version": "7.1.3"
    },
    "marge": {
      "options": {
        "overwrite": false,
        "html": false,
        "json": true,
        "reportDir": "cypress\\reports\\html\\.jsons"
      },
      "version": "6.2.0"
    }
  }
}