{
  "stats": {
    "suites": 1,
    "tests": 1,
    "passes": 1,
    "pending": 0,
    "failures": 0,
    "start": "2024-03-21T16:54:15.368Z",
    "end": "2024-03-21T16:54:34.391Z",
    "duration": 19023,
    "testsRegistered": 1,
    "passPercent": 100,
    "pendingPercent": 0,
    "other": 0,
    "hasOther": false,
    "skipped": 0,
    "hasSkipped": false
  },
  "results": [
    {
      "uuid": "810becf9-8eff-48b6-abe4-fd774adabe69",
      "title": "",
      "fullFile": "cypress\\e2e\\RegisterTest.cy.js",
      "file": "cypress\\e2e\\RegisterTest.cy.js",
      "beforeHooks": [],
      "afterHooks": [],
      "tests": [],
      "suites": [
        {
          "uuid": "bfef4e01-34cf-4c09-a618-ea07172ad44c",
          "title": "automation test",
          "fullFile": "",
          "file": "",
          "beforeHooks": [],
          "afterHooks": [],
          "tests": [
            {
              "title": "registation test",
              "fullTitle": "automation test registation test",
              "timedOut": null,
              "duration": 9597,
              "state": "passed",
              "speed": "medium",
              "pass": true,
              "fail": false,
              "pending": false,
              "context": null,
              "code": "registerObj.openUrl();\nregisterObj.enterfirstName(_RegisterData.default.firstName);\nregisterObj.enterlastName(_RegisterData.default.lastName);\nregisterObj.enterPhone(_RegisterData.default.telephone);\nregisterObj.enterEmail(_RegisterData.default.email);\nregisterObj.enterPassword(_RegisterData.default.password);\nregisterObj.selectCheck();\nregisterObj.continu();",
              "err": {},
              "uuid": "d6b1b961-bd89-4b7d-a609-c9f1bde3ac2b",
              "parentUUID": "bfef4e01-34cf-4c09-a618-ea07172ad44c",
              "isHook": false,
              "skipped": false
            }
          ],
          "suites": [],
          "passes": [
            "d6b1b961-bd89-4b7d-a609-c9f1bde3ac2b"
          ],
          "failures": [],
          "pending": [],
          "skipped": [],
          "duration": 9597,
          "root": false,
          "rootEmpty": false,
          "_timeout": 2000
        }
      ],
      "passes": [],
      "failures": [],
      "pending": [],
      "skipped": [],
      "duration": 0,
      "root": true,
      "rootEmpty": true,
      "_timeout": 2000
    }
  ],
  "meta": {
    "mocha": {
      "version": "7.0.1"
    },
    "mochawesome": {
      "options": {
        "quiet": false,
        "reportFilename": "mochawesome",
        "saveHtml": true,
        "saveJson": true,
        "consoleReporter": "spec",
        "useInlineDiffs": false,
        "code": true
      },
      "version": "7.1.3"
    },
    "marge": {
      "options": null,
      "version": "6.2.0"
    }
  }
}