{
  "stats": {
    "suites": 1,
    "tests": 1,
    "passes": 1,
    "pending": 0,
    "failures": 0,
    "start": "2024-03-23T08:12:16.328Z",
    "end": "2024-03-23T08:12:43.200Z",
    "duration": 26872,
    "testsRegistered": 1,
    "passPercent": 100,
    "pendingPercent": 0,
    "other": 0,
    "hasOther": false,
    "skipped": 0,
    "hasSkipped": false
  },
  "results": [
    {
      "uuid": "813d6151-2260-4446-8a67-18a13e4cbfdf",
      "title": "",
      "fullFile": "cypress\\e2e\\RegisterTest.cy.js",
      "file": "cypress\\e2e\\RegisterTest.cy.js",
      "beforeHooks": [],
      "afterHooks": [],
      "tests": [],
      "suites": [
        {
          "uuid": "45cf3e36-647c-4923-9700-6a73e0f6816b",
          "title": "automation test",
          "fullFile": "",
          "file": "",
          "beforeHooks": [],
          "afterHooks": [],
          "tests": [
            {
              "title": "registation test",
              "fullTitle": "automation test registation test",
              "timedOut": null,
              "duration": 18617,
              "state": "passed",
              "speed": "slow",
              "pass": true,
              "fail": false,
              "pending": false,
              "context": null,
              "code": "registerObj.openUrl();\nregisterObj.enterfirstName(_RegisterData.default.firstName);\nregisterObj.enterlastName(_RegisterData.default.lastName);\nregisterObj.enterPhone(_RegisterData.default.telephone);\nregisterObj.enterEmail(_RegisterData.default.email);\nregisterObj.enterPassword(_RegisterData.default.password);\nregisterObj.selectCheck();\nregisterObj.continu();",
              "err": {},
              "uuid": "6e0ecfe8-0f04-4bc7-86cc-e6344697f8dd",
              "parentUUID": "45cf3e36-647c-4923-9700-6a73e0f6816b",
              "isHook": false,
              "skipped": false
            }
          ],
          "suites": [],
          "passes": [
            "6e0ecfe8-0f04-4bc7-86cc-e6344697f8dd"
          ],
          "failures": [],
          "pending": [],
          "skipped": [],
          "duration": 18617,
          "root": false,
          "rootEmpty": false,
          "_timeout": 2000
        }
      ],
      "passes": [],
      "failures": [],
      "pending": [],
      "skipped": [],
      "duration": 0,
      "root": true,
      "rootEmpty": true,
      "_timeout": 2000
    }
  ],
  "meta": {
    "mocha": {
      "version": "7.0.1"
    },
    "mochawesome": {
      "options": {
        "quiet": false,
        "reportFilename": "mochawesome",
        "saveHtml": true,
        "saveJson": true,
        "consoleReporter": "spec",
        "useInlineDiffs": false,
        "code": true
      },
      "version": "7.1.3"
    },
    "marge": {
      "options": null,
      "version": "6.2.0"
    }
  }
}